C:\Program Files (x86)\Microsoft Visual Studio\2017\Community\Common7\IDE\VC\VCTargets\Microsoft.CppBuild.targets(391,5): warning MSB8028: 中间目录(x64\Release\)包含从另一个项目(BackSubstitution.vcxproj)共享的文件。   这会导致错误的清除和重新生成行为。
  main.cpp
d:\vs_final_project\experiment\experiment-codes\backsubstitution\main.cpp(31): warning C4005: “_CRT_SECURE_NO_WARNINGS”: 宏重定义
  d:\vs_final_project\experiment\experiment-codes\backsubstitution\main.cpp: note: 参见“_CRT_SECURE_NO_WARNINGS”的前一个定义
d:\vs_final_project\experiment\experiment-codes\backsubstitution\sharedmatting.h : warning C4819: 该文件包含不能在当前代码页(936)中表示的字符。请将该文件保存为 Unicode 格式以防止数据丢失
d:\vs_final_project\experiment\experiment-codes\backsubstitution\main.cpp(78): warning C4244: “初始化”: 从“int64”转换到“long”，可能丢失数据
d:\vs_final_project\experiment\experiment-codes\backsubstitution\main.cpp(80): warning C4244: “初始化”: 从“int64”转换到“long”，可能丢失数据
d:\vs_final_project\experiment\experiment-codes\backsubstitution\main.cpp(121): warning C4244: “=”: 从“double”转换到“_Tp”，可能丢失数据
          with
          [
              _Tp=int
          ]
d:\vs_final_project\experiment\experiment-codes\backsubstitution\main.cpp(122): warning C4244: “=”: 从“double”转换到“_Tp”，可能丢失数据
          with
          [
              _Tp=int
          ]
d:\vs_final_project\experiment\experiment-codes\backsubstitution\main.cpp(123): warning C4244: “=”: 从“double”转换到“_Tp”，可能丢失数据
          with
          [
              _Tp=int
          ]
d:\vs_final_project\experiment\experiment-codes\backsubstitution\main.cpp(124): warning C4244: “=”: 从“double”转换到“_Tp”，可能丢失数据
          with
          [
              _Tp=int
          ]
d:\vs_final_project\experiment\experiment-codes\backsubstitution\main.cpp(152): warning C4244: “=”: 从“double”转换到“_Tp”，可能丢失数据
          with
          [
              _Tp=int
          ]
d:\vs_final_project\experiment\experiment-codes\backsubstitution\main.cpp(153): warning C4244: “=”: 从“double”转换到“_Tp”，可能丢失数据
          with
          [
              _Tp=int
          ]
d:\vs_final_project\experiment\experiment-codes\backsubstitution\main.cpp(155): warning C4244: “=”: 从“double”转换到“_Tp”，可能丢失数据
          with
          [
              _Tp=int
          ]
d:\vs_final_project\experiment\experiment-codes\backsubstitution\main.cpp(156): warning C4244: “=”: 从“double”转换到“_Tp”，可能丢失数据
          with
          [
              _Tp=int
          ]
d:\vs_final_project\experiment\experiment-codes\backsubstitution\main.cpp(198): warning C4244: “初始化”: 从“double”转换到“int”，可能丢失数据
d:\vs_final_project\experiment\experiment-codes\backsubstitution\main.cpp(199): warning C4244: “初始化”: 从“double”转换到“int”，可能丢失数据
d:\vs_final_project\experiment\experiment-codes\backsubstitution\main.cpp(200): warning C4244: “参数”: 从“double”转换到“_Tp”，可能丢失数据
          with
          [
              _Tp=int
          ]
d:\vs_final_project\experiment\experiment-codes\backsubstitution\main.cpp(205): warning C4244: “参数”: 从“double”转换到“_Tp”，可能丢失数据
          with
          [
              _Tp=int
          ]
d:\vs_final_project\experiment\experiment-codes\backsubstitution\main.cpp(209): warning C4244: “参数”: 从“double”转换到“_Tp”，可能丢失数据
          with
          [
              _Tp=int
          ]
d:\vs_final_project\experiment\experiment-codes\backsubstitution\main.cpp(439): warning C4244: “=”: 从“double”转换到“int”，可能丢失数据
d:\vs_final_project\experiment\experiment-codes\backsubstitution\main.cpp(440): warning C4244: “=”: 从“double”转换到“int”，可能丢失数据
d:\vs_final_project\experiment\experiment-codes\backsubstitution\main.cpp(441): warning C4244: “=”: 从“double”转换到“int”，可能丢失数据
d:\vs_final_project\experiment\experiment-codes\backsubstitution\main.cpp(593): warning C4244: “=”: 从“float”转换到“_Tp”，可能丢失数据
          with
          [
              _Tp=uchar
          ]
d:\vs_final_project\experiment\experiment-codes\backsubstitution\main.cpp(594): warning C4244: “=”: 从“float”转换到“_Tp”，可能丢失数据
          with
          [
              _Tp=uchar
          ]
d:\vs_final_project\experiment\experiment-codes\backsubstitution\main.cpp(595): warning C4244: “=”: 从“float”转换到“_Tp”，可能丢失数据
          with
          [
              _Tp=uchar
          ]
  正在生成代码
  1 of 515 functions ( 0.2%) were compiled, the rest were copied from previous compilation.
    0 functions were new in current compilation
    0 functions had inline decision re-evaluated but remain unchanged
  已完成代码的生成
  BackSubstitution.vcxproj -> D:\vs_final_project\experiment\experiment-codes\x64\Release\Experiment.exe
