d:\vs_final_project\seetaface\facedetection\x64\release\vc141.pdb
d:\vs_final_project\seetaface\facedetection\x64\release\nms.obj
d:\vs_final_project\seetaface\facedetection\x64\release\image_pyramid.obj
d:\vs_final_project\seetaface\facedetection\x64\release\surf_mlp_model_reader.obj
d:\vs_final_project\seetaface\facedetection\x64\release\lab_boost_model_reader.obj
d:\vs_final_project\seetaface\facedetection\x64\release\fust.obj
d:\vs_final_project\seetaface\facedetection\x64\release\surf_feature_map.obj
d:\vs_final_project\seetaface\facedetection\x64\release\lab_feature_map.obj
d:\vs_final_project\seetaface\facedetection\x64\release\face_detection.obj
d:\vs_final_project\seetaface\facedetection\x64\release\surf_mlp.obj
d:\vs_final_project\seetaface\facedetection\x64\release\mlp.obj
d:\vs_final_project\seetaface\facedetection\x64\release\lab_boosted_classifier.obj
d:\vs_final_project\seetaface\x64\release\facedetection.lib
d:\vs_final_project\seetaface\x64\release\facedetection.exp
d:\vs_final_project\seetaface\x64\release\facedetection.ipdb
d:\vs_final_project\seetaface\x64\release\facedetection.iobj
d:\vs_final_project\seetaface\x64\release\facedetection.dll
d:\vs_final_project\seetaface\x64\release\facedetection.pdb
d:\vs_final_project\seetaface\facedetection\x64\release\facedetection.tlog\cl.command.1.tlog
d:\vs_final_project\seetaface\facedetection\x64\release\facedetection.tlog\cl.read.1.tlog
d:\vs_final_project\seetaface\facedetection\x64\release\facedetection.tlog\cl.write.1.tlog
d:\vs_final_project\seetaface\facedetection\x64\release\facedetection.tlog\facedetection.write.1u.tlog
d:\vs_final_project\seetaface\facedetection\x64\release\facedetection.tlog\link.command.1.tlog
d:\vs_final_project\seetaface\facedetection\x64\release\facedetection.tlog\link.read.1.tlog
d:\vs_final_project\seetaface\facedetection\x64\release\facedetection.tlog\link.write.1.tlog
